[    0.000000] Initializing cgroup subsys cpuset
[    0.000000] Initializing cgroup subsys cpu
[    0.000000] Initializing cgroup subsys cpuacct
[    0.000000] Linux version 4.4.0-165-generic (buildd@lgw01-amd64-027) (gcc version 5.4.0 20160609 (Ubuntu 5.4.0-6ubuntu1~16.04.10) ) #193-Ubuntu SMP Tue Sep 17 17:42:52 UTC 2019 (Ubuntu 4.4.0-165.193-generic 4.4.189)
[    0.000000] Command line: BOOT_IMAGE=/boot/vmlinuz-4.4.0-165-generic root=LABEL=cloudimg-rootfs ro console=tty1 console=ttyS0
[    0.000000] KERNEL supported cpus:
[    0.000000]   Intel GenuineIntel
[    0.000000]   AMD AuthenticAMD
[    0.000000]   Centaur CentaurHauls
[    0.000000] x86/fpu: xstate_offset[2]:  576, xstate_sizes[2]:  256
[    0.000000] x86/fpu: Supporting XSAVE feature 0x01: 'x87 floating point registers'
[    0.000000] x86/fpu: Supporting XSAVE feature 0x02: 'SSE registers'
[    0.000000] x86/fpu: Supporting XSAVE feature 0x04: 'AVX registers'
[    0.000000] x86/fpu: Enabled xstate features 0x7, context size is 832 bytes, using 'standard' format.
[    0.000000] e820: BIOS-provided physical RAM map:
[    0.000000] BIOS-e820: [mem 0x0000000000000000-0x000000000009fbff] usable
[    0.000000] BIOS-e820: [mem 0x000000000009fc00-0x000000000009ffff] reserved
[    0.000000] BIOS-e820: [mem 0x00000000000f0000-0x00000000000fffff] reserved
[    0.000000] BIOS-e820: [mem 0x0000000000100000-0x000000003ffeffff] usable
[    0.000000] BIOS-e820: [mem 0x000000003fff0000-0x000000003fffffff] ACPI data
[    0.000000] BIOS-e820: [mem 0x00000000fec00000-0x00000000fec00fff] reserved
[    0.000000] BIOS-e820: [mem 0x00000000fee00000-0x00000000fee00fff] reserved
[    0.000000] BIOS-e820: [mem 0x00000000fffc0000-0x00000000ffffffff] reserved
[    0.000000] NX (Execute Disable) protection: active
[    0.000000] SMBIOS 2.5 present.
[    0.000000] Hypervisor detected: KVM
[    0.000000] e820: last_pfn = 0x3fff0 max_arch_pfn = 0x400000000
[    0.000000] MTRR: Disabled
[    0.000000] x86/PAT: MTRRs disabled, skipping PAT initialization too.
[    0.000000] CPU MTRRs all blank - virtualized system.
[    0.000000] x86/PAT: Configuration [0-7]: WB  WT  UC- UC  WB  WT  UC- UC  
[    0.000000] found SMP MP-table at [mem 0x0009fff0-0x0009ffff] mapped at [ffff88000009fff0]
[    0.000000] Scanning 1 areas for low memory corruption
[    0.000000] RAMDISK: [mem 0x362fa000-0x37174fff]
[    0.000000] ACPI: Early table checksum verification disabled
[    0.000000] ACPI: RSDP 0x00000000000E0000 000024 (v02 VBOX  )
[    0.000000] ACPI: XSDT 0x000000003FFF0030 00003C (v01 VBOX   VBOXXSDT 00000001 ASL  00000061)
[    0.000000] ACPI: FACP 0x000000003FFF00F0 0000F4 (v04 VBOX   VBOXFACP 00000001 ASL  00000061)
[    0.000000] ACPI: DSDT 0x000000003FFF0470 0022EA (v02 VBOX   VBOXBIOS 00000002 INTL 20181213)
[    0.000000] ACPI: FACS 0x000000003FFF0200 000040
[    0.000000] ACPI: FACS 0x000000003FFF0200 000040
[    0.000000] ACPI: APIC 0x000000003FFF0240 00005C (v02 VBOX   VBOXAPIC 00000001 ASL  00000061)
[    0.000000] ACPI: SSDT 0x000000003FFF02A0 0001CC (v01 VBOX   VBOXCPUT 00000002 INTL 20181213)
[    0.000000] No NUMA configuration found
[    0.000000] Faking a node at [mem 0x0000000000000000-0x000000003ffeffff]
[    0.000000] NODE_DATA(0) allocated [mem 0x3ffeb000-0x3ffeffff]
[    0.000000] kvm-clock: Using msrs 4b564d01 and 4b564d00
[    0.000000] kvm-clock: cpu 0, msr 0:3ffe3001, primary cpu clock
[    0.000000] kvm-clock: using sched offset of 3488772142 cycles
[    0.000000] clocksource: kvm-clock: mask: 0xffffffffffffffff max_cycles: 0x1cd42e4dffb, max_idle_ns: 881590591483 ns
[    0.000000] Zone ranges:
[    0.000000]   DMA      [mem 0x0000000000001000-0x0000000000ffffff]
[    0.000000]   DMA32    [mem 0x0000000001000000-0x000000003ffeffff]
[    0.000000]   Normal   empty
[    0.000000]   Device   empty
[    0.000000] Movable zone start for each node
[    0.000000] Early memory node ranges
[    0.000000]   node   0: [mem 0x0000000000001000-0x000000000009efff]
[    0.000000]   node   0: [mem 0x0000000000100000-0x000000003ffeffff]
[    0.000000] Initmem setup node 0 [mem 0x0000000000001000-0x000000003ffeffff]
[    0.000000] ACPI: PM-Timer IO Port: 0x4008
[    0.000000] IOAPIC[0]: apic_id 2, version 32, address 0xfec00000, GSI 0-23
[    0.000000] ACPI: INT_SRC_OVR (bus 0 bus_irq 0 global_irq 2 dfl dfl)
[    0.000000] ACPI: INT_SRC_OVR (bus 0 bus_irq 9 global_irq 9 low level)
[    0.000000] Using ACPI (MADT) for SMP configuration information
[    0.000000] smpboot: Allowing 2 CPUs, 0 hotplug CPUs
[    0.000000] PM: Registered nosave memory: [mem 0x00000000-0x00000fff]
[    0.000000] PM: Registered nosave memory: [mem 0x0009f000-0x0009ffff]
[    0.000000] PM: Registered nosave memory: [mem 0x000a0000-0x000effff]
[    0.000000] PM: Registered nosave memory: [mem 0x000f0000-0x000fffff]
[    0.000000] e820: [mem 0x40000000-0xfebfffff] available for PCI devices
[    0.000000] Booting paravirtualized kernel on KVM
[    0.000000] clocksource: refined-jiffies: mask: 0xffffffff max_cycles: 0xffffffff, max_idle_ns: 7645519600211568 ns
[    0.000000] setup_percpu: NR_CPUS:512 nr_cpumask_bits:512 nr_cpu_ids:2 nr_node_ids:1
[    0.000000] PERCPU: Embedded 34 pages/cpu @ffff88003fc00000 s99544 r8192 d31528 u1048576
[    0.000000] Built 1 zonelists in Node order, mobility grouping on.  Total pages: 257912
[    0.000000] Policy zone: DMA32
[    0.000000] Kernel command line: BOOT_IMAGE=/boot/vmlinuz-4.4.0-165-generic root=LABEL=cloudimg-rootfs ro console=tty1 console=ttyS0
[    0.000000] PID hash table entries: 4096 (order: 3, 32768 bytes)
[    0.000000] Memory: 997732K/1048120K available (8621K kernel code, 1335K rwdata, 4032K rodata, 1484K init, 1284K bss, 50388K reserved, 0K cma-reserved)
[    0.000000] SLUB: HWalign=64, Order=0-3, MinObjects=0, CPUs=2, Nodes=1
[    0.000000] Kernel/User page tables isolation: enabled
[    0.000000] Hierarchical RCU implementation.
[    0.000000] 	Build-time adjustment of leaf fanout to 64.
[    0.000000] 	RCU restricting CPUs from NR_CPUS=512 to nr_cpu_ids=2.
[    0.000000] RCU: Adjusting geometry for rcu_fanout_leaf=64, nr_cpu_ids=2
[    0.000000] NR_IRQS:33024 nr_irqs:440 16
[    0.000000] Console: colour VGA+ 80x25
[    0.000000] console [tty1] enabled
[    0.000000] console [ttyS0] enabled
[    0.000000] tsc: Detected 1799.999 MHz processor
[    0.108159] Calibrating delay loop (skipped) preset value.. 3599.99 BogoMIPS (lpj=7199996)
[    0.109490] pid_max: default: 32768 minimum: 301
[    0.110194] ACPI: Core revision 20150930
[    0.111583] ACPI: 2 ACPI AML tables successfully acquired and loaded
[    0.112671] Security Framework initialized
[    0.113353] Yama: becoming mindful.
[    0.113963] AppArmor: AppArmor initialized
[    0.114686] Dentry cache hash table entries: 131072 (order: 8, 1048576 bytes)
[    0.116267] Inode-cache hash table entries: 65536 (order: 7, 524288 bytes)
[    0.117296] Mount-cache hash table entries: 2048 (order: 2, 16384 bytes)
[    0.118284] Mountpoint-cache hash table entries: 2048 (order: 2, 16384 bytes)
[    0.119406] Initializing cgroup subsys io
[    0.120119] Initializing cgroup subsys memory
[    0.120862] Initializing cgroup subsys devices
[    0.121557] Initializing cgroup subsys freezer
[    0.122253] Initializing cgroup subsys net_cls
[    0.122932] Initializing cgroup subsys perf_event
[    0.123672] Initializing cgroup subsys net_prio
[    0.124385] Initializing cgroup subsys hugetlb
[    0.125065] Initializing cgroup subsys pids
[    0.127410] mce: CPU supports 0 MCE banks
[    0.128175] Last level iTLB entries: 4KB 64, 2MB 8, 4MB 8
[    0.128988] Last level dTLB entries: 4KB 64, 2MB 0, 4MB 0, 1GB 4
[    0.129835] Spectre V1 : Mitigation: usercopy/swapgs barriers and __user pointer sanitization
[    0.131111] Spectre V2 : Mitigation: Full generic retpoline
[    0.131952] Spectre V2 : Spectre v2 / SpectreRSB mitigation: Filling RSB on context switch
[    0.133237] Speculative Store Bypass: Vulnerable
[    0.134001] MDS: Vulnerable: Clear CPU buffers attempted, no microcode
[    0.137232] Freeing SMP alternatives memory: 36K
[    0.143002] ftrace: allocating 32318 entries in 127 pages
[    0.195376] smpboot: APIC(0) Converting physical 0 to logical package 0
[    0.196412] smpboot: Max logical packages: 1
[    0.197282] x2apic enabled
[    0.197995] Switched APIC routing to physical x2apic.
[    0.199727] ..TIMER: vector=0x30 apic1=0 pin1=2 apic2=-1 pin2=-1
[    0.307202] smpboot: CPU0: Intel(R) Core(TM) i5-8250U CPU @ 1.60GHz (family: 0x6, model: 0x8e, stepping: 0xa)
[    0.308929] Performance Events: unsupported p6 CPU model 142 no PMU driver, software events only.
[    0.319529] KVM setup paravirtual spinlock
[    0.320908] x86: Booting SMP configuration:
[    0.321624] .... node  #0, CPUs:      #1
[    0.322430] kvm-clock: cpu 1, msr 0:3ffe3041, secondary cpu clock
[    0.324789] mce: CPU supports 0 MCE banks
[    0.327241] x86: Booted up 1 node, 2 CPUs
[    0.328111] smpboot: Total of 2 processors activated (7199.99 BogoMIPS)
[    0.329580] devtmpfs: initialized
[    0.331442] evm: security.selinux
[    0.332041] evm: security.SMACK64
[    0.332621] evm: security.SMACK64EXEC
[    0.333234] evm: security.SMACK64TRANSMUTE
[    0.333881] evm: security.SMACK64MMAP
[    0.334535] evm: security.ima
[    0.335062] evm: security.capability
[    0.336012] clocksource: jiffies: mask: 0xffffffff max_cycles: 0xffffffff, max_idle_ns: 7645041785100000 ns
[    0.338354] futex hash table entries: 512 (order: 3, 32768 bytes)
[    0.339669] pinctrl core: initialized pinctrl subsystem
[    0.340578] RTC time: 15:44:35, date: 10/10/19
[    0.341496] NET: Registered protocol family 16
[    0.351978] cpuidle: using governor ladder
[    0.363441] cpuidle: using governor menu
[    0.364774] PCCT header not found.
[    0.366016] ACPI: bus type PCI registered
[    0.367349] acpiphp: ACPI Hot Plug PCI Controller Driver version: 0.5
[    0.369395] PCI: Using configuration type 1 for base access
[    0.384403] ACPI: Added _OSI(Module Device)
[    0.385513] ACPI: Added _OSI(Processor Device)
[    0.386619] ACPI: Added _OSI(3.0 _SCP Extensions)
[    0.387838] ACPI: Added _OSI(Processor Aggregator Device)
[    0.390024] ACPI: Executed 1 blocks of module-level executable AML code
[    0.394343] ACPI: Interpreter enabled
[    0.395369] ACPI: (supports S0 S5)
[    0.396329] ACPI: Using IOAPIC for interrupt routing
[    0.397728] PCI: Using host bridge windows from ACPI; if necessary, use "pci=nocrs" and report a bug
[    0.403795] ACPI: PCI Root Bridge [PCI0] (domain 0000 [bus 00-ff])
[    0.405051] acpi PNP0A03:00: _OSC: OS supports [ASPM ClockPM Segments MSI]
[    0.406478] acpi PNP0A03:00: _OSC: not requesting OS control; OS requires [ExtendedConfig ASPM ClockPM MSI]
[    0.408183] acpi PNP0A03:00: fail to add MMCONFIG information, can't access extended PCI configuration space under this bridge.
[    0.410312] PCI host bridge to bus 0000:00
[    0.410998] pci_bus 0000:00: root bus resource [io  0x0000-0x0cf7 window]
[    0.411996] pci_bus 0000:00: root bus resource [io  0x0d00-0xffff window]
[    0.413000] pci_bus 0000:00: root bus resource [mem 0x000a0000-0x000bffff window]
[    0.414269] pci_bus 0000:00: root bus resource [mem 0x40000000-0xfdffffff window]
[    0.415507] pci_bus 0000:00: root bus resource [bus 00-ff]
[    0.417588] pci 0000:00:01.1: legacy IDE quirk: reg 0x10: [io  0x01f0-0x01f7]
[    0.418591] pci 0000:00:01.1: legacy IDE quirk: reg 0x14: [io  0x03f6]
[    0.419633] pci 0000:00:01.1: legacy IDE quirk: reg 0x18: [io  0x0170-0x0177]
[    0.420633] pci 0000:00:01.1: legacy IDE quirk: reg 0x1c: [io  0x0376]
[    0.441286] pci 0000:00:07.0: quirk: [io  0x4000-0x403f] claimed by PIIX4 ACPI
[    0.442529] pci 0000:00:07.0: quirk: [io  0x4100-0x410f] claimed by PIIX4 SMB
[    0.447015] ACPI: PCI Interrupt Link [LNKA] (IRQs 5 9 10 *11)
[    0.448569] ACPI: PCI Interrupt Link [LNKB] (IRQs 5 9 *10 11)
[    0.449875] ACPI: PCI Interrupt Link [LNKC] (IRQs 5 *9 10 11)
[    0.451114] ACPI: PCI Interrupt Link [LNKD] (IRQs 5 9 10 *11)
[    0.452585] ACPI: Enabled 2 GPEs in block 00 to 07
[    0.453645] vgaarb: setting as boot device: PCI:0000:00:02.0
[    0.454514] vgaarb: device added: PCI:0000:00:02.0,decodes=io+mem,owns=io+mem,locks=none
[    0.455884] vgaarb: loaded
[    0.456411] vgaarb: bridge control possible 0000:00:02.0
[    0.457404] SCSI subsystem initialized
[    0.458198] ACPI: bus type USB registered
[    0.458860] usbcore: registered new interface driver usbfs
[    0.459701] usbcore: registered new interface driver hub
[    0.460518] usbcore: registered new device driver usb
[    0.461500] PCI: Using ACPI for IRQ routing
[    0.462386] NetLabel: Initializing
[    0.462958] NetLabel:  domain hash size = 128
[    0.463661] NetLabel:  protocols = UNLABELED CIPSOv4
[    0.464834] NetLabel:  unlabeled traffic allowed by default
[    0.465811] amd_nb: Cannot enumerate AMD northbridges
[    0.466599] clocksource: Switched to clocksource kvm-clock
[    0.472761] AppArmor: AppArmor Filesystem Enabled
[    0.473615] pnp: PnP ACPI init
[    0.474767] pnp: PnP ACPI: found 3 devices
[    0.483574] clocksource: acpi_pm: mask: 0xffffff max_cycles: 0xffffff, max_idle_ns: 2085701024 ns
[    0.484993] NET: Registered protocol family 2
[    0.485863] TCP established hash table entries: 8192 (order: 4, 65536 bytes)
[    0.486929] TCP bind hash table entries: 8192 (order: 5, 131072 bytes)
[    0.487907] TCP: Hash tables configured (established 8192 bind 8192)
[    0.488842] UDP hash table entries: 512 (order: 2, 16384 bytes)
[    0.489689] UDP-Lite hash table entries: 512 (order: 2, 16384 bytes)
[    0.490604] NET: Registered protocol family 1
[    0.491318] pci 0000:00:00.0: Limiting direct PCI/PCI transfers
[    0.492237] pci 0000:00:01.0: Activating ISA DMA hang workarounds
[    0.493215] Unpacking initramfs...
[    0.669366] Freeing initrd memory: 14828K
[    0.670232] clocksource: tsc: mask: 0xffffffffffffffff max_cycles: 0x19f228ab7a2, max_idle_ns: 440795289252 ns
[    0.671854] platform rtc_cmos: registered platform RTC device (no PNP device found)
[    0.673128] Scanning for low memory corruption every 60 seconds
[    0.674347] audit: initializing netlink subsys (disabled)
[    0.675189] audit: type=2000 audit(1570722281.106:1): initialized
[    0.676345] Initialise system trusted keyring
[    0.677215] HugeTLB registered 2 MB page size, pre-allocated 0 pages
[    0.679207] zbud: loaded
[    0.680081] VFS: Disk quotas dquot_6.6.0
[    0.680757] VFS: Dquot-cache hash table entries: 512 (order 0, 4096 bytes)
[    0.681888] squashfs: version 4.0 (2009/01/31) Phillip Lougher
[    0.683015] fuse init (API version 7.23)
[    0.683792] Key type big_key registered
[    0.684446] Allocating IMA MOK and blacklist keyrings.
[    0.686000] Key type asymmetric registered
[    0.686710] Asymmetric key parser 'x509' registered
[    0.687518] Block layer SCSI generic (bsg) driver version 0.4 loaded (major 249)
[    0.688793] io scheduler noop registered
[    0.689455] io scheduler deadline registered (default)
[    0.690239] io scheduler cfq registered
[    0.690956] pci_hotplug: PCI Hot Plug PCI Core version: 0.5
[    0.691786] pciehp: PCI Express Hot Plug Controller Driver version: 0.4
[    0.692805] ACPI: AC Adapter [AC] (off-line)
[    0.693514] input: Power Button as /devices/LNXSYSTM:00/LNXPWRBN:00/input/input0
[    0.694707] ACPI: Power Button [PWRF]
[    0.695443] input: Sleep Button as /devices/LNXSYSTM:00/LNXSLPBN:00/input/input1
[    0.696675] ACPI: Sleep Button [SLPF]
[    0.697486] GHES: HEST is not enabled!
[    0.698153] ACPI: Battery Slot [BAT0] (battery present)
[    0.699255] Serial: 8250/16550 driver, 32 ports, IRQ sharing enabled
[    0.720626] 00:02: ttyS0 at I/O 0x3f8 (irq = 4, base_baud = 115200) is a 16550A
[    0.723733] Linux agpgart interface v0.103
[    0.725850] loop: module loaded
[    0.726900] scsi host0: ata_piix
[    0.727609] scsi host1: ata_piix
[    0.728193] ata1: PATA max UDMA/33 cmd 0x1f0 ctl 0x3f6 bmdma 0xd000 irq 14
[    0.729136] ata2: PATA max UDMA/33 cmd 0x170 ctl 0x376 bmdma 0xd008 irq 15
[    0.730163] libphy: Fixed MDIO Bus: probed
[    0.730986] tun: Universal TUN/TAP device driver, 1.6
[    0.731775] tun: (C) 1999-2004 Max Krasnyansky <maxk@qualcomm.com>
[    0.732749] PPP generic driver version 2.4.2
[    0.733493] ehci_hcd: USB 2.0 'Enhanced' Host Controller (EHCI) Driver
[    0.734421] ehci-pci: EHCI PCI platform driver
[    0.735185] ehci-platform: EHCI generic platform driver
[    0.736000] ohci_hcd: USB 1.1 'Open' Host Controller (OHCI) Driver
[    0.736900] ohci-pci: OHCI PCI platform driver
[    0.737589] ohci-platform: OHCI generic platform driver
[    0.738389] uhci_hcd: USB Universal Host Controller Interface driver
[    0.739401] i8042: PNP: PS/2 Controller [PNP0303:PS2K,PNP0f03:PS2M] at 0x60,0x64 irq 1,12
[    0.741044] serio: i8042 KBD port at 0x60,0x64 irq 1
[    0.741790] serio: i8042 AUX port at 0x60,0x64 irq 12
[    0.742743] mousedev: PS/2 mouse device common for all mice
[    0.743861] input: AT Translated Set 2 keyboard as /devices/platform/i8042/serio0/input/input2
[    0.745596] rtc_cmos rtc_cmos: rtc core: registered rtc_cmos as rtc0
[    0.746537] rtc_cmos rtc_cmos: alarms up to one day, 114 bytes nvram
[    0.747499] i2c /dev entries driver
[    0.748184] device-mapper: uevent: version 1.0.3
[    0.749008] device-mapper: ioctl: 4.34.0-ioctl (2015-10-28) initialised: dm-devel@redhat.com
[    0.750308] ledtrig-cpu: registered to indicate activity on CPUs
[    0.751576] NET: Registered protocol family 10
[    0.752476] NET: Registered protocol family 17
[    0.753177] Key type dns_resolver registered
[    0.754182] registered taskstats version 1
[    0.754954] Loading compiled-in X.509 certificates
[    0.756177] Loaded X.509 cert 'Build time autogenerated kernel key: 0ed82eac04367aa6426493b1389455ebf6830eaa'
[    0.757634] zswap: loaded using pool lzo/zbud
[    0.759884] Key type trusted registered
[    0.762984] Key type encrypted registered
[    0.763654] AppArmor: AppArmor sha1 policy hashing enabled
[    0.764498] ima: No TPM chip found, activating TPM-bypass!
[    0.765296] ima: Allocated hash algorithm: sha1
[    0.766029] evm: HMAC attrs: 0x1
[    0.766827]   Magic number: 7:52:740
[    0.767531] rtc_cmos rtc_cmos: setting system clock to 2019-10-10 15:44:36 UTC (1570722276)
[    0.768920] BIOS EDD facility v0.16 2004-Jun-25, 0 devices found
[    0.769796] EDD information not available.
[    0.885134] Freeing unused kernel memory: 1484K
[    0.887793] Write protecting the kernel read-only data: 14336k
[    0.889749] Freeing unused kernel memory: 1608K
[    0.891118] Freeing unused kernel memory: 64K
Loading, please wait...
starting version 229
[    0.909637] random: systemd-udevd: uninitialized urandom read (16 bytes read, 1 bits of entropy available)
[    0.910734] random: udevadm: uninitialized urandom read (16 bytes read, 1 bits of entropy available)
[    0.910771] random: udevadm: uninitialized urandom read (16 bytes read, 1 bits of entropy available)
[    0.918197] random: systemd-udevd: uninitialized urandom read (16 bytes read, 1 bits of entropy available)
[    0.920753] random: systemd-udevd: uninitialized urandom read (16 bytes read, 1 bits of entropy available)
[    0.922722] random: systemd-udevd: uninitialized urandom read (16 bytes read, 1 bits of entropy available)
[    0.923557] random: udevadm: uninitialized urandom read (16 bytes read, 1 bits of entropy available)
[    0.923648] random: udevadm: uninitialized urandom read (16 bytes read, 1 bits of entropy available)
[    0.923840] random: udevadm: uninitialized urandom read (16 bytes read, 1 bits of entropy available)
[    0.923911] random: udevadm: uninitialized urandom read (16 bytes read, 1 bits of entropy available)
[    0.961056] e1000: Intel(R) PRO/1000 Network Driver - version 7.3.21-k8-NAPI
[    0.962108] e1000: Copyright (c) 1999-2006 Intel Corporation.
[    0.965858] Fusion MPT base driver 3.04.20
[    0.966574] Copyright (c) 1999-2008 LSI Corporation
[    0.970801] Fusion MPT SPI Host driver 3.04.20
[    0.981223] AVX2 version of gcm_enc/dec engaged.
[    0.982067] AES CTR mode by8 optimization enabled
[    1.173001] input: ImExPS/2 Generic Explorer Mouse as /devices/platform/i8042/serio1/input/input4
[    1.304649] e1000 0000:00:03.0 eth0: (PCI:33MHz:32-bit) 02:0e:9b:2d:5b:92
[    1.307250] e1000 0000:00:03.0 eth0: Intel(R) PRO/1000 Network Connection
[    1.309288] mptbase: ioc0: Initiating bringup
[    1.310150] e1000 0000:00:03.0 enp0s3: renamed from eth0
[    1.498745] ioc0: LSI53C1030 A0: Capabilities={Initiator}
[    2.649894] scsi host2: ioc0: LSI53C1030 A0, FwRev=00000000h, Ports=1, MaxQ=256, IRQ=20
[    2.966038] scsi 2:0:0:0: Direct-Access     VBOX     HARDDISK         1.0  PQ: 0 ANSI: 5
[    2.971872] scsi target2:0:0: Beginning Domain Validation
[    2.975538] scsi target2:0:0: Domain Validation skipping write tests
[    2.976972] scsi target2:0:0: Ending Domain Validation
[    2.978176] scsi target2:0:0: asynchronous
[    2.979803] scsi 2:0:1:0: Direct-Access     VBOX     HARDDISK         1.0  PQ: 0 ANSI: 5
[    2.981706] scsi target2:0:1: Beginning Domain Validation
[    2.984215] scsi target2:0:1: Domain Validation skipping write tests
[    2.985543] scsi target2:0:1: Ending Domain Validation
[    2.986724] scsi target2:0:1: asynchronous
[    3.009423] sd 2:0:0:0: Attached scsi generic sg0 type 0
[    3.010927] sd 2:0:0:0: [sda] 20971520 512-byte logical blocks: (10.7 GB/10.0 GiB)
[    3.012890] sd 2:0:1:0: [sdb] 20480 512-byte logical blocks: (10.5 MB/10.0 MiB)
[    3.014324] sd 2:0:1:0: Attached scsi generic sg1 type 0
[    3.015720] sd 2:0:0:0: [sda] Write Protect is off
[    3.016595] sd 2:0:1:0: [sdb] Write Protect is off
[    3.017647] sd 2:0:0:0: [sda] Incomplete mode parameter data
[    3.018651] sd 2:0:0:0: [sda] Assuming drive cache: write through
[    3.019852] sd 2:0:1:0: [sdb] Incomplete mode parameter data
[    3.020818] sd 2:0:1:0: [sdb] Assuming drive cache: write through
[    3.086252]  sda: sda1
[    3.087701] sd 2:0:0:0: [sda] Attached SCSI disk
[    3.098887] sd 2:0:1:0: [sdb] Attached SCSI disk
Begin: Loading essential drivers ... [    4.438556] md: linear personality registered for level -1
[    4.441489] md: multipath personality registered for level -4
[    4.444286] md: raid0 personality registered for level 0
[    4.447957] md: raid1 personality registered for level 1
[    4.518682] raid6: sse2x1   gen() 11799 MB/s
[    4.586677] raid6: sse2x1   xor()  8911 MB/s
[    4.654685] raid6: sse2x2   gen() 14626 MB/s
[    4.722676] raid6: sse2x2   xor() 10130 MB/s
[    4.790659] raid6: sse2x4   gen() 16599 MB/s
[    4.858670] raid6: sse2x4   xor() 10687 MB/s
[    4.926659] raid6: avx2x1   gen() 23757 MB/s
[    4.994664] raid6: avx2x2   gen() 26989 MB/s
[    5.062660] raid6: avx2x4   gen() 29899 MB/s
[    5.063432] raid6: using algorithm avx2x4 gen() 29899 MB/s
[    5.064359] raid6: using avx2x2 recovery algorithm
[    5.066332] xor: automatically using best checksumming function:
[    5.119170]    avx       : 40566.000 MB/sec
[    5.121085] async_tx: api initialized (async)
[    5.129694] md: raid6 personality registered for level 6
[    5.130623] md: raid5 personality registered for level 5
[    5.131588] md: raid4 personality registered for level 4
[    5.137776] md: raid10 personality registered for level 10
done.
Begin: Running /scripts/init-premount ... done.
Begin: Mounting root file system ... Begin: Running /scripts/local-top ... done.
Begin: Running /scripts/local-premount ... [    5.164310] Btrfs loaded
Scanning for Btrfs filesystems
done.
Warning: fsck not present, so skipping root file system
[    5.254074] EXT4-fs (sda1): mounted filesystem with ordered data mode. Opts: (null)
done.
Begin: Running /scripts/local-bottom ... done.
Begin: Running /scripts/init-bottom ... done.
[    6.025619] systemd[1]: systemd 229 running in system mode. (+PAM +AUDIT +SELINUX +IMA +APPARMOR +SMACK +SYSVINIT +UTMP +LIBCRYPTSETUP +GCRYPT +GNUTLS +ACL +XZ -LZ4 +SECCOMP +BLKID +ELFUTILS +KMOD -IDN)
[    6.037327] systemd[1]: Detected virtualization oracle.
[    6.041076] systemd[1]: Detected architecture x86-64.

Welcome to [1mUbuntu 16.04.6 LTS[0m!

[    6.107358] systemd[1]: Set hostname to <ubuntu-xenial>.
[    6.367980] random: nonblocking pool is initialized
[    7.449628] systemd[1]: Listening on Syslog Socket.
[[0;32m  OK  [0m] Listening on Syslog Socket.
[    7.451909] systemd[1]: Listening on Device-mapper event daemon FIFOs.
[[0;32m  OK  [0m] Listening on Device-mapper event daemon FIFOs.
[    7.454417] systemd[1]: Listening on Journal Socket (/dev/log).
[[0;32m  OK  [0m] Listening on Journal Socket (/dev/log).
[    7.456815] systemd[1]: Listening on /dev/initctl Compatibility Named Pipe.
[[0;32m  OK  [0m] Listening on /dev/initctl Compatibility Named Pipe.
[    7.459508] systemd[1]: Listening on Journal Audit Socket.
[[0;32m  OK  [0m] Listening on Journal Audit Socket.
[    7.461747] systemd[1]: Listening on LVM2 metadata daemon socket.
[[0;32m  OK  [0m] Listening on LVM2 metadata daemon socket.
[    7.464152] systemd[1]: Reached target System Time Synchronized.
[[0;32m  OK  [0m] Reached target System Time Synchronized.
[    7.466321] systemd[1]: Listening on Journal Socket.
[[0;32m  OK  [0m] Listening on Journal Socket.
[    7.468126] systemd[1]: Listening on udev Control Socket.
[[0;32m  OK  [0m] Listening on udev Control Socket.
[    7.470073] systemd[1]: Set up automount Arbitrary Executable File Formats File System Automount Point.
[[0;32m  OK  [0m] Set up automount Arbitrary Executab...ats File System Automount Point.
[    7.473007] systemd[1]: Created slice System Slice.
[[0;32m  OK  [0m] Created slice System Slice.
[    7.491516] systemd[1]: Starting Nameserver information manager...
         Starting Nameserver information manager...
[    7.494242] systemd[1]: Starting Monitoring of LVM2 mirrors, snapshots etc. using dmeventd or progress polling...
         Starting Monitoring of LVM2 mirrors... dmeventd or progress polling...
[    7.497676] systemd[1]: Starting Journal Service...
         Starting Journal Service...
[    7.500008] systemd[1]: Mounting POSIX Message Queue File System...
         Mounting POSIX Message Queue File System...
[    7.535319] systemd[1]: Starting Load Kernel Modules...
         Starting Load Kernel Modules...
[    7.543063] systemd[1]: Created slice system-serial\x2dgetty.slice.
[[0;32m  OK  [0m] Created slice system-serial\x2dgetty.slice.
[    7.552040] systemd[1]: Starting Create list of required static device nodes for the current kernel...
         Starting Create list of required st... nodes for the current kernel...
[    7.558060] systemd[1]: Listening on udev Kernel Socket.
[[0;32m  OK  [0m] Listening on udev Kernel Socket.
[    7.561109] systemd[1]: Started Forward Password Requests to Wall Directory Watch.
[[0;32m  OK  [0m] Started Forward Password Requests to Wall Directory Watch.
[    7.564470] systemd[1]: Reached target User and Group Name Lookups.
[[0;32m  OK  [0m] Reached target User and Group Name Lookups.
[    7.567634] systemd[1]: Starting Uncomplicated firewall...
         Starting Uncomplicated firewall...
[    7.626641] systemd[1]: Listening on LVM2 poll daemon socket.
[[0;32m  OK  [0m] Listening on LVM2 poll daemon socket.
[    7.643617] systemd[1]: Starting Remount Root and Kernel File Systems...
         Starting Remount Root and Kernel File Systems...
[    7.654595] systemd[1]: Mounting Huge Pages File System...
         Mounting Huge Pages File System...
[    7.664196] systemd[1]: Started Trigger resolvconf update for networkd DNS.
[[0;32m  OK  [0m] Started Trigger resolvconf update for networkd DNS.
[    7.673071] systemd[1]: Created slice User and Session Slice.
[[0;32m  OK  [0m] Created slice User and Session Slice.
[    7.677151] systemd[1]: Reached target Slices.
[[0;32m  OK  [0m] Reached target Slices.
[    7.690935] systemd[1]: Starting Set console keymap...
         Starting Set console keymap...
[    7.693817] systemd[1]: Mounting Debug File System...
         Mounting Debug File System...
[    7.695931] systemd[1]: Reached target Encrypted Volumes.
[[0;32m  OK  [0m] Reached target Encrypted Volumes.
[    7.698051] systemd[1]: Reached target Swap.
[[0;32m  OK  [0m] Reached target Swap.
[    7.701826] systemd[1]: Started Uncomplicated firewall.
[[0;32m  OK  [0m] Started Uncomplicated firewall.
[    7.728125] systemd[1]: Started Create list of required static device nodes for the current kernel.
[[0;32m  OK  [0m] Started Create list of required sta...ce nodes for the current kernel.
[    7.743612] systemd[1]: Starting Create Static Device Nodes in /dev...
         Starting Create Static Device Nodes in /dev...
[    7.793756] EXT4-fs (sda1): re-mounted. Opts: (null)
[    7.794187] systemd[1]: Mounted POSIX Message Queue File System.
[[0;32m  OK  [0m] Mounted POSIX Message Queue File System.
[    7.805428] systemd[1]: Mounted Huge Pages File System.
[[0;32m  OK  [0m] Mounted Huge Pages File System.
[    7.813419] Loading iSCSI transport class v2.0-870.
[    7.813661] systemd[1]: Mounted Debug File System.
[[0;32m  OK  [0m] Mounted Debug File System.
[    7.840353] systemd[1]: Started Remount Root and Kernel File Systems.
[[0;32m  OK  [0m] Started Remount Root and Kernel File Systems.
[    7.862642] systemd[1]: Starting Load/Save Random Seed...
         Starting Load/Save Random Seed...
[    7.971394] systemd[1]: Starting udev Coldplug all Devices...
         Starting udev Coldplug all Devices...
[    7.976021] systemd[1]: Started Journal Service.
[[0;32m  OK  [0m] Started Journal Service.
[[0;32m  OK  [0m] Started Nameserver information manager.
[[0;32m  OK  [0m] Started Load/Save Random Seed.
[    7.989331] iscsi: registered transport (tcp)
         Starting Flush Journal to Persistent Storage...
[[0;32m  OK  [0m] Started Set console keymap.
[[0;32m  OK  [0m] Started LVM2 metadata daemon.
[    8.095789] systemd-journald[374]: Received request to flush runtime journal from PID 1
[[0;32m  OK  [0m] Started udev Coldplug all Devices.
[[0;32m  OK  [0m] Started Flush Journal to Persistent Storage.
[    8.186673] iscsi: registered transport (iser)
[[0;32m  OK  [0m] Started Load Kernel Modules.
         Starting Apply Kernel Variables...
         Mounting FUSE Control File System...
[[0;32m  OK  [0m] Mounted FUSE Control File System.
[[0;32m  OK  [0m] Started Create Static Device Nodes in /dev.
         Starting udev Kernel Device Manager...
[[0;32m  OK  [0m] Started Apply Kernel Variables.
[[0;32m  OK  [0m] Started Monitoring of LVM2 mirrors,...ng dmeventd or progress polling.
[[0;32m  OK  [0m] Reached target Local File Systems (Pre).
[[0;32m  OK  [0m] Reached target Local File Systems.
         Starting Create Volatile Files and Directories...
         Starting Initial cloud-init job (pre-networking)...
         Starting Tell Plymouth To Write Out Runtime Data...
         Starting Set console font and keymap...
         Starting LSB: AppArmor initialization...
[[0;32m  OK  [0m] Started Tell Plymouth To Write Out Runtime Data.
[[0;32m  OK  [0m] Started Create Volatile Files and Directories.
         Starting Update UTMP about System Boot/Shutdown...
[[0;32m  OK  [0m] Started udev Kernel Device Manager.
[[0;32m  OK  [0m] Started Dispatch Password Requests to Console Directory Watch.
[[0;32m  OK  [0m] Started Update UTMP about System Boot/Shutdown.
[[0;32m  OK  [0m] Found device /dev/ttyS0.
[[0;32m  OK  [0m] Listening on Load/Save RF Kill Switch Status /dev/rfkill Watch.
[[0;32m  OK  [0m] Found device 82540EM Gigabit Ethern...r (PRO/1000 MT Desktop Adapter).
[[0;32m  OK  [0m] Started Set console font and keymap.
[[0;32m  OK  [0m] Created slice system-getty.slice.
[[0;32m  OK  [0m] Started LSB: AppArmor initialization.
[   13.724105] cloud-init[470]: Cloud-init v. 19.2-36-g059d049c-0ubuntu1~16.04.1 running 'init-local' at Thu, 10 Oct 2019 15:44:48 +0000. Up 12.90 seconds.
[[0;32m  OK  [0m] Started Initial cloud-init job (pre-networking).
[[0;32m  OK  [0m] Reached target Network (Pre).
[[0;32m  OK  [0m] Started ifup for enp0s3.
         Starting Raise network interfaces...
[[0;32m  OK  [0m] Started Raise network interfaces.
         Starting Initial cloud-init job (metadata service crawler)...
[[0;32m  OK  [0m] Reached target Network.
[   14.839768] cloud-init[986]: Cloud-init v. 19.2-36-g059d049c-0ubuntu1~16.04.1 running 'init' at Thu, 10 Oct 2019 15:44:50 +0000. Up 14.26 seconds.
[   14.845261] cloud-init[986]: ci-info: +++++++++++++++++++++++++++++++++++++Net device info++++++++++++++++++++++++++++++++++++++
[   14.849306] cloud-init[986]: ci-info: +--------+------+---------------------------+---------------+--------+-------------------+
[   14.851959] cloud-init[986]: ci-info: | Device |  Up  |          Address          |      Mask     | Scope  |     Hw-Address    |
[   14.856511] cloud-init[986]: ci-info: +--------+------+---------------------------+---------------+--------+-------------------+
[   14.858869] cloud-init[986]: ci-info: | enp0s3 | True |         10.0.2.15         | 255.255.255.0 | global | 02:0e:9b:2d:5b:92 |
[   14.860852] cloud-init[986]: ci-info: | enp0s3 | True | fe80::e:9bff:fe2d:5b92/64 |       .       |  link  | 02:0e:9b:2d:5b:92 |
[   14.862767] cloud-init[986]: ci-info: |   lo   | True |         127.0.0.1         |   255.0.0.0   |  host  |         .         |
[   14.864624] cloud-init[986]: ci-info: |   lo   | True |          ::1/128          |       .       |  host  |         .         |
[   14.866425] cloud-init[986]: ci-info: +--------+------+---------------------------+---------------+--------+-------------------+
[   14.868104] cloud-init[986]: ci-info: +++++++++++++++++++++++++++Route IPv4 info++++++++++++++++++++++++++++
[   14.869722] cloud-init[986]: ci-info: +-------+-------------+----------+---------------+-----------+-------+
[   14.872048] cloud-init[986]: ci-info: | Route | Destination | Gateway  |    Genmask    | Interface | Flags |
[   14.873862] cloud-init[986]: ci-info: +-------+-------------+----------+---------------+-----------+-------+
[   14.875394] cloud-init[986]: ci-info: |   0   |   0.0.0.0   | 10.0.2.2 |    0.0.0.0    |   enp0s3  |   UG  |
[   14.876882] cloud-init[986]: ci-info: |   1   |   10.0.2.0  | 0.0.0.0  | 255.255.255.0 |   enp0s3  |   U   |
[   14.878386] cloud-init[986]: ci-info: +-------+-------------+----------+---------------+-----------+-------+
[   14.879876] cloud-init[986]: ci-info: +++++++++++++++++++Route IPv6 info+++++++++++++++++++
[   14.881250] cloud-init[986]: ci-info: +-------+-------------+---------+-----------+-------+
[   14.882587] cloud-init[986]: ci-info: | Route | Destination | Gateway | Interface | Flags |
[   14.883965] cloud-init[986]: ci-info: +-------+-------------+---------+-----------+-------+
[   14.885216] cloud-init[986]: ci-info: |   0   |  fe80::/64  |    ::   |   enp0s3  |   U   |
[   14.886505] cloud-init[986]: ci-info: |   3   |   ff00::/8  |    ::   |   enp0s3  |   U   |
[   14.887803] cloud-init[986]: ci-info: +-------+-------------+---------+-----------+-------+
[[0;32m  OK  [0m] Started Initial cloud-init job (metadata service crawler).
[[0;32m  OK  [0m] Reached target Network is Online.
         Starting iSCSI initiator daemon (iscsid)...
[[0;32m  OK  [0m] Reached target System Initialization.
[[0;32m  OK  [0m] Listening on ACPID Listen Socket.
[[0;32m  OK  [0m] Started Daily Cleanup of Temporary Directories.
         Starting Socket activation for snappy daemon.
[[0;32m  OK  [0m] Listening on UUID daemon activation socket.
         Starting LXD - unix socket.
[[0;32m  OK  [0m] Started Daily apt download activities.
[[0;32m  OK  [0m] Started Daily apt upgrade and clean activities.
[[0;32m  OK  [0m] Reached target Timers.
[[0;32m  OK  [0m] Listening on D-Bus System Message Bus Socket.
[[0;32m  OK  [0m] Started ACPI Events Check.
[[0;32m  OK  [0m] Reached target Paths.
[[0;32m  OK  [0m] Reached target Cloud-config availability.
[[0;32m  OK  [0m] Listening on Socket activation for snappy daemon.
[[0;32m  OK  [0m] Listening on LXD - unix socket.
[[0;32m  OK  [0m] Reached target Sockets.
[[0;32m  OK  [0m] Reached target Basic System.
[[0;32m  OK  [0m] Started ACPI event daemon.
         Starting Virtualbox guest utils...
         Starting Login Service...
         Starting System Logging Service...
         Starting Accounts Service...
         Starting /etc/rc.local Compatibility...
[[0;32m  OK  [0m] Started Deferred execution scheduler.
[[0;32m  OK  [0m] Started FUSE filesystem for LXC.
         Starting Snappy daemon...
         Starting OpenBSD Secure Shell server...
[[0;32m  OK  [0m] Started Regular background program processing daemon.
         Starting LSB: MD monitoring daemon...
[[0;32m  OK  [0m] Started D-Bus System Message Bus.
         Starting LXD - container startup/shutdown...
         Starting LSB: Record successful boot for GRUB...
[[0;32m  OK  [0m] Started System Logging Service.
[[0;32m  OK  [0m] Started iSCSI initiator daemon (iscsid).
[[0;32m  OK  [0m] Started /etc/rc.local Compatibility.
[[0;32m  OK  [0m] Started OpenBSD Secure Shell server.
[[0;32m  OK  [0m] Started Login Service.
[[0;32m  OK  [0m] Started Unattended Upgrades Shutdown.
         Starting Login to default iSCSI targets...
[[0;32m  OK  [0m] Started LSB: Record successful boot for GRUB.
[[0;32m  OK  [0m] Started LSB: MD monitoring daemon.
         Starting Authenticate and Authorize Users to Run Privileged Tasks...
[[0;32m  OK  [0m] Started Login to default iSCSI targets.
[[0;32m  OK  [0m] Reached target Remote File Systems (Pre).
[[0;32m  OK  [0m] Reached target Remote File Systems.
         Starting Permit User Sessions...
         Starting LSB: daemon to balance interrupts for SMP systems...
         Starting LSB: automatic crash report generation...
         Starting LSB: Set the CPU Frequency Scaling governor to "ondemand"...
[[0;32m  OK  [0m] Started LSB: Set the CPU Frequency Scaling governor to "ondemand".
[[0;32m  OK  [0m] Started Permit User Sessions.
         Starting Hold until boot process finishes up...
         Starting Terminate Plymouth Boot Screen...
[[0;32m  OK  [0m] Started Hold until boot process finishes up.
         Starting Set console scheme...
[[0;32m  OK  [0m] Started Getty on tty1.
[[0;32m  OK  [0m] Started Serial Getty on ttyS0.
[[0;32m  OK  [0m] Reached target Login Prompts.
[[0;32m  OK  [0m] Started Terminate Plymouth Boot Screen.
[[0;32m  OK  [0m] Started LSB: daemon to balance interrupts for SMP systems.
[[0;32m  OK  [0m] Started Set console scheme.
[[0;32m  OK  [0m] Started Virtualbox guest utils.
[[0;32m  OK  [0m] Started LSB: automatic crash report generation.
[[0;32m  OK  [0m] Started Authenticate and Authorize Users to Run Privileged Tasks.
[[0;32m  OK  [0m] Started Accounts Service.
[[0;32m  OK  [0m] Started Snappy daemon.
         Starting Wait until snapd is fully seeded...
[[0;32m  OK  [0m] Started Wait until snapd is fully seeded.
         Starting Apply the settings specified in cloud-config...
[[0;32m  OK  [0m] Started LXD - container startup/shutdown.
[[0;32m  OK  [0m] Reached target Multi-User System.
[[0;32m  OK  [0m] Reached target Graphical Interface.
         Starting Update UTMP about System Runlevel Changes...
[[0;32m  OK  [0m] Started Update UTMP about System Runlevel Changes.
[   18.510197] cloud-init[1251]: Cloud-init v. 19.2-36-g059d049c-0ubuntu1~16.04.1 running 'modules:config' at Thu, 10 Oct 2019 15:44:54 +0000. Up 18.40 seconds.
[[0;32m  OK  [0m] Started Apply the settings specified in cloud-config.
         Starting Execute cloud user/final scripts...
[[0;32m  OK  [0m] Created slice User Slice of vagrant.
         Starting User Manager for UID 1000...
[[0;32m  OK  [0m] Started Session 1 of user vagrant.
[[0;32m  OK  [0m] Started User Manager for UID 1000.
[   18.988343] cloud-init[1266]: Cloud-init v. 19.2-36-g059d049c-0ubuntu1~16.04.1 running 'modules:final' at Thu, 10 Oct 2019 15:44:54 +0000. Up 18.79 seconds.
[   18.990093] cloud-init[1266]: Cloud-init v. 19.2-36-g059d049c-0ubuntu1~16.04.1 finished at Thu, 10 Oct 2019 15:44:54 +0000. Datasource DataSourceNoCloud [seed=/dev/sdb][dsmode=net].  Up 18.98 seconds
[[0;32m  OK  [0m] Started Execute cloud user/final scripts.
[[0;32m  OK  [0m] Reached target Cloud-init target.

Ubuntu 16.04.6 LTS ubuntu-xenial ttyS0

ubuntu-xenial login:          Stopping ACPI event daemon...
         Stopping Authenticate and Authorize Users to Run Privileged Tasks...
         Stopping Session 3 of user vagrant.
         Stopping User Manager for UID 1000...
[[0;32m  OK  [0m] Stopped target Cloud-init target.
[[0;32m  OK  [0m] Stopped Execute cloud user/final scripts.
[[0;32m  OK  [0m] Stopped target Timers.
[[0;32m  OK  [0m] Stopped Daily Cleanup of Temporary Directories.
[[0;32m  OK  [0m] Stopped Daily apt upgrade and clean activities.
[[0;32m  OK  [0m] Stopped Daily apt download activities.
[[0;32m  OK  [0m] Stopped target System Time Synchronized.
[[0;32m  OK  [0m] Stopped Apply the settings specified in cloud-config.
[[0;32m  OK  [0m] Stopped target Graphical Interface.
[[0;32m  OK  [0m] Stopped target Multi-User System.
         Stopping System Logging Service...
         Stopping LSB: automatic crash report generation...
         Stopping D-Bus System Message Bus...
         Stopping Virtualbox guest utils...
[[0;32m  OK  [0m] Stopped Wait until snapd is fully seeded.
         Stopping OpenBSD Secure Shell server...
         Stopping Deferred execution scheduler...
         Stopping FUSE filesystem for LXC...
         Stopping LXD - container startup/shutdown...
[[0;32m  OK  [0m] Stopped target Login Prompts.
         Stopping Getty on tty1...
         Stopping Serial Getty on ttyS0...
         Stopping Regular background program processing daemon...
         Stopping Unattended Upgrades Shutdown...
         Stopping LSB: Record successful boot for GRUB...
         Stopping LSB: MD monitoring daemon...
         Stopping Accounts Service...
         Stopping LSB: daemon to balance interrupts for SMP systems...
         Stopping LSB: Set the CPU Frequency Scaling governor to "ondemand"...
[[0;32m  OK  [0m] Closed Load/Save RF Kill Switch Status /dev/rfkill Watch.
[[0;32m  OK  [0m] Stopped target Cloud-config availability.
[[0;32m  OK  [0m] Unmounted /var/lib/lxcfs.
[[0;32m  OK  [0m] Stopped ACPI event daemon.
[[0;32m  OK  [0m] Stopped System Logging Service.
[[0;32m  OK  [0m] Stopped Accounts Service.
[[0;32m  OK  [0m] Stopped Deferred execution scheduler.
[[0;32m  OK  [0m] Stopped Regular background program processing daemon.
[[0;32m  OK  [0m] Stopped OpenBSD Secure Shell server.
[[0;32m  OK  [0m] Stopped Authenticate and Authorize Users to Run Privileged Tasks.
[[0;32m  OK  [0m] Stopped Unattended Upgrades Shutdown.
[[0;32m  OK  [0m] Stopped Getty on tty1.
[[0;32m  OK  [0m] Stopped Serial Getty on ttyS0.
[[0;32m  OK  [0m] Stopped User Manager for UID 1000.
[[0;32m  OK  [0m] Stopped Session 3 of user vagrant.
[[0;32m  OK  [0m] Stopped D-Bus System Message Bus.
[[0;32m  OK  [0m] Stopped FUSE filesystem for LXC.
[[0;32m  OK  [0m] Stopped LSB: automatic crash report generation.
[[0;32m  OK  [0m] Stopped LSB: Record successful boot for GRUB.
[[0;32m  OK  [0m] Stopped LSB: MD monitoring daemon.
[[0;32m  OK  [0m] Stopped Virtualbox guest utils.
[[0;32m  OK  [0m] Stopped LSB: Set the CPU Frequency Scaling governor to "ondemand".
[[0;32m  OK  [0m] Stopped LSB: daemon to balance interrupts for SMP systems.
[[0;32m  OK  [0m] Stopped LXD - container startup/shutdown.
[[0;32m  OK  [0m] Removed slice User Slice of vagrant.
[[0;32m  OK  [0m] Removed slice system-serial\x2dgetty.slice.
[[0;32m  OK  [0m] Removed slice system-getty.slice.
         Stopping Permit User Sessions...
[[0;32m  OK  [0m] Stopped /etc/rc.local Compatibility.
         Stopping Login Service...
[[0;32m  OK  [0m] Stopped Permit User Sessions.
[[0;32m  OK  [0m] Stopped target Remote File Systems.
[[0;32m  OK  [0m] Stopped target Remote File Systems (Pre).
         Stopping Login to default iSCSI targets...
[[0;32m  OK  [0m] Stopped Login Service.
[[0;32m  OK  [0m] Stopped target Basic System.
[[0;32m  OK  [0m] Stopped target Sockets.
[[0;32m  OK  [0m] Closed UUID daemon activation socket.
[[0;32m  OK  [0m] Closed Socket activation for snappy daemon.
[[0;32m  OK  [0m] Closed ACPID Listen Socket.
[[0;32m  OK  [0m] Closed LXD - unix socket.
[[0;32m  OK  [0m] Closed Syslog Socket.
[[0;32m  OK  [0m] Stopped target Paths.
[[0;32m  OK  [0m] Stopped Forward Password Requests to Wall Directory Watch.
[[0;32m  OK  [0m] Stopped Dispatch Password Requests to Console Directory Watch.
[[0;32m  OK  [0m] Stopped ACPI Events Check.
[[0;32m  OK  [0m] Stopped target Slices.
[[0;32m  OK  [0m] Closed D-Bus System Message Bus Socket.
[[0;32m  OK  [0m] Stopped target System Initialization.
         Stopping Load/Save Random Seed...
[[0;32m  OK  [0m] Stopped target Encrypted Volumes.
[[0;32m  OK  [0m] Stopped target Swap.
         Stopping Update UTMP about System Boot/Shutdown...
[[0;32m  OK  [0m] Removed slice User and Session Slice.
[[0;32m  OK  [0m] Stopped target User and Group Name Lookups.
[[0;32m  OK  [0m] Stopped Load/Save Random Seed.
[[0;32m  OK  [0m] Stopped Update UTMP about System Boot/Shutdown.
[[0;32m  OK  [0m] Stopped Create Volatile Files and Directories.
[[0;32m  OK  [0m] Stopped Login to default iSCSI targets.
         Stopping iSCSI initiator daemon (iscsid)...
[[0;32m  OK  [0m] Stopped iSCSI initiator daemon (iscsid).
[[0;32m  OK  [0m] Stopped target Network is Online.
[[0;32m  OK  [0m] Stopped Initial cloud-init job (metadata service crawler).
[[0;32m  OK  [0m] Stopped target Network.
         Stopping Raise network interfaces...
[[0;32m  OK  [0m] Stopped Raise network interfaces.
[[0;32m  OK  [0m] Stopped Apply Kernel Variables.
[[0;32m  OK  [0m] Stopped target Local File Systems.
         Unmounting /vagrant...
         Unmounting /run/user/1000...
[[0;32m  OK  [0m] Stopped Load Kernel Modules.
[[0;32m  OK  [0m] Stopped target Network (Pre).
[[0;32m  OK  [0m] Stopped Initial cloud-init job (pre-networking).
[[0;32m  OK  [0m] Unmounted /vagrant.
[[0;32m  OK  [0m] Unmounted /run/user/1000.
[[0;32m  OK  [0m] Reached target Unmount All Filesystems.
[[0;32m  OK  [0m] Stopped target Local File Systems (Pre).
[[0;32m  OK  [0m] Stopped Remount Root and Kernel File Systems.
         Stopping Monitoring of LVM2 mirrors... dmeventd or progress polling...
[[0;32m  OK  [0m] Stopped Create Static Device Nodes in /dev.
[[0;32m  OK  [0m] Reached target Shutdown.
[ 1933.740794] reboot: Power down
